
> autobel@1.0.0 dev
> next dev -H 0.0.0.0

 ⚠ Port 3000 is in use, trying 3001 instead.
  ▲ Next.js 14.2.35
  - Local:        http://localhost:3001
  - Network:      http://0.0.0.0:3001
  - Experiments (use with caution):
    · esmExternals

 ✓ Starting...
 ✓ Ready in 2.7s
 ○ Compiling /middleware ...
 ✓ Compiled /middleware in 753ms (72 modules)
 ○ Compiling /catalog/[id] ...
 ✓ Compiled /catalog/[id] in 24.4s (2471 modules)
 ✓ Compiled in 2.6s (1161 modules)
 ✓ Compiled in 1413ms (1161 modules)
 GET /catalog/1 200 in 29648ms
 ✓ Compiled in 1426ms (1161 modules)
 ✓ Compiled in 1463ms (1161 modules)
 ✓ Compiled in 1091ms (1161 modules)
 ✓ Compiled in 982ms (1161 modules)
 ✓ Compiled in 909ms (1161 modules)
 ✓ Compiled in 808ms (1161 modules)
 ✓ Compiled in 890ms (1161 modules)
 ✓ Compiled in 1263ms (1161 modules)
 ✓ Compiled in 964ms (1161 modules)
 ✓ Compiled in 961ms (1161 modules)
 ✓ Compiled in 773ms (1161 modules)
 ✓ Compiled in 769ms (1161 modules)
 ✓ Compiled in 783ms (1161 modules)
 ✓ Compiled in 875ms (1161 modules)
 ✓ Compiled in 697ms (1161 modules)
 ✓ Compiled in 669ms (1161 modules)
 ✓ Compiled in 618ms (1161 modules)
 ✓ Compiled in 622ms (1161 modules)
 ✓ Compiled in 598ms (1161 modules)
 ✓ Compiled in 739ms (1161 modules)
 ✓ Compiled in 805ms (1161 modules)
 ✓ Compiled in 635ms (1161 modules)
 ✓ Compiled in 654ms (1161 modules)
 ✓ Compiled in 719ms (1161 modules)
 ✓ Compiled in 685ms (1161 modules)
 ✓ Compiled in 762ms (1161 modules)
 ✓ Compiled in 788ms (1161 modules)
 ✓ Compiled in 994ms (1161 modules)
 ✓ Compiled in 716ms (1161 modules)
 ✓ Compiled in 674ms (1161 modules)
 ✓ Compiled in 647ms (1161 modules)
 ✓ Compiled in 635ms (1161 modules)
 ✓ Compiled in 634ms (1161 modules)
 ✓ Compiled in 715ms (1161 modules)
 ✓ Compiled in 904ms (1161 modules)
 ✓ Compiled in 704ms (1161 modules)
 ✓ Compiled in 693ms (1161 modules)
 ✓ Compiled in 616ms (1161 modules)
 ✓ Compiled in 608ms (1161 modules)
 ✓ Compiled in 626ms (1161 modules)
 ✓ Compiled in 664ms (1161 modules)
 ✓ Compiled in 740ms (1161 modules)
 ✓ Compiled in 625ms (1161 modules)
 ✓ Compiled in 658ms (1161 modules)
 ✓ Compiled in 631ms (1161 modules)
 ✓ Compiled in 628ms (1161 modules)
 ✓ Compiled in 591ms (1161 modules)
 ✓ Compiled in 636ms (1161 modules)
 ✓ Compiled in 790ms (1161 modules)
 ✓ Compiled in 691ms (1161 modules)
 ✓ Compiled in 687ms (1161 modules)
 ✓ Compiled in 681ms (1161 modules)
 ✓ Compiled in 740ms (1161 modules)
 ✓ Compiled in 717ms (1161 modules)
 ✓ Compiled in 704ms (1161 modules)
 ✓ Compiled in 896ms (1161 modules)
 ✓ Compiled in 801ms (1161 modules)
 ✓ Compiled in 763ms (1161 modules)
 ✓ Compiled in 697ms (1161 modules)
 ✓ Compiled in 700ms (1161 modules)
 ✓ Compiled in 707ms (1161 modules)
 ✓ Compiled in 730ms (1161 modules)
 ✓ Compiled in 978ms (1161 modules)
 ✓ Compiled in 829ms (1161 modules)
 ✓ Compiled in 691ms (1161 modules)
 ✓ Compiled in 581ms (1161 modules)
 ✓ Compiled in 755ms (1161 modules)
 ✓ Compiled in 597ms (1161 modules)
 ✓ Compiled in 636ms (1161 modules)
 ✓ Compiled in 759ms (1161 modules)
 ✓ Compiled in 647ms (1161 modules)
 ✓ Compiled in 633ms (1161 modules)
 ✓ Compiled in 654ms (1161 modules)
 ✓ Compiled in 643ms (1161 modules)
 ✓ Compiled in 561ms (1161 modules)
 ✓ Compiled in 582ms (1161 modules)
 ✓ Compiled in 820ms (1161 modules)
 ✓ Compiled in 646ms (1161 modules)
 ✓ Compiled in 741ms (1161 modules)
 ✓ Compiled in 647ms (1161 modules)
 ✓ Compiled in 980ms (1161 modules)
 ✓ Compiled in 1030ms (1161 modules)
 ✓ Compiled in 1059ms (1161 modules)
 ✓ Compiled in 1308ms (1161 modules)
 ✓ Compiled in 1163ms (1161 modules)
 ✓ Compiled in 1154ms (1161 modules)
 ✓ Compiled in 1050ms (1161 modules)
 ✓ Compiled in 836ms (1161 modules)
 GET /catalog/1 200 in 864ms
 ✓ Compiled in 625ms (1161 modules)
 ✓ Compiled in 1007ms (1161 modules)
 ✓ Compiled in 729ms (1161 modules)
 ✓ Compiled in 727ms (1161 modules)
 ✓ Compiled in 687ms (1161 modules)
 ✓ Compiled in 654ms (1161 modules)
 ✓ Compiled in 606ms (1161 modules)
 ✓ Compiled in 631ms (1161 modules)
 ✓ Compiled in 764ms (1161 modules)
 ✓ Compiled in 674ms (1161 modules)
 ✓ Compiled in 621ms (1161 modules)
 ✓ Compiled in 608ms (1161 modules)
 ✓ Compiled in 609ms (1161 modules)
 ✓ Compiled in 612ms (1161 modules)
 ✓ Compiled in 583ms (1161 modules)
 ✓ Compiled in 1331ms (1161 modules)
 ✓ Compiled in 1042ms (1161 modules)
 ✓ Compiled in 987ms (1161 modules)
 ✓ Compiled in 1090ms (1161 modules)
 ✓ Compiled in 1014ms (1161 modules)
 ✓ Compiled in 944ms (1161 modules)
 ✓ Compiled in 987ms (1161 modules)
 ✓ Compiled in 848ms (1161 modules)
 ✓ Compiled in 637ms (1161 modules)
 ✓ Compiled in 641ms (1161 modules)
 ✓ Compiled in 602ms (1161 modules)
 ✓ Compiled in 602ms (1161 modules)
 ✓ Compiled in 599ms (1161 modules)
 ✓ Compiled in 610ms (1161 modules)
 ✓ Compiled in 859ms (1161 modules)
 ✓ Compiled in 685ms (1161 modules)
 ✓ Compiled in 679ms (1161 modules)
 ✓ Compiled in 651ms (1161 modules)
 ✓ Compiled in 641ms (1161 modules)
 ✓ Compiled in 617ms (1161 modules)
 ✓ Compiled in 693ms (1161 modules)
 ✓ Compiled in 844ms (1161 modules)
 ✓ Compiled in 717ms (1161 modules)
 ✓ Compiled in 673ms (1161 modules)
 ✓ Compiled in 647ms (1161 modules)
 ✓ Compiled in 606ms (1161 modules)
 ✓ Compiled in 671ms (1161 modules)
 ✓ Compiled in 633ms (1161 modules)
 ✓ Compiled in 765ms (1161 modules)
 ✓ Compiled in 639ms (1161 modules)
 ✓ Compiled in 678ms (1161 modules)
 ✓ Compiled in 665ms (1161 modules)
 ✓ Compiled in 691ms (1161 modules)
 ✓ Compiled in 748ms (1161 modules)
 ✓ Compiled in 625ms (1161 modules)
 ✓ Compiled in 793ms (1161 modules)
 ✓ Compiled in 678ms (1161 modules)
 ✓ Compiled in 628ms (1161 modules)
 ✓ Compiled in 592ms (1161 modules)
 ✓ Compiled in 575ms (1161 modules)
 ✓ Compiled in 590ms (1161 modules)
 ✓ Compiled in 636ms (1161 modules)
 ✓ Compiled in 758ms (1161 modules)
 ✓ Compiled in 625ms (1161 modules)
 ✓ Compiled in 621ms (1161 modules)
 ✓ Compiled in 612ms (1161 modules)
 ✓ Compiled in 622ms (1161 modules)
 ✓ Compiled in 595ms (1161 modules)
 ✓ Compiled in 605ms (1161 modules)
 ✓ Compiled in 765ms (1161 modules)
 ✓ Compiled in 614ms (1161 modules)
 ✓ Compiled in 622ms (1161 modules)
 ✓ Compiled in 688ms (1161 modules)
 ✓ Compiled in 652ms (1161 modules)
 ✓ Compiled in 653ms (1161 modules)
 ✓ Compiled in 686ms (1161 modules)
 ✓ Compiled in 784ms (1161 modules)
 ✓ Compiled in 665ms (1161 modules)
 ✓ Compiled in 621ms (1161 modules)
 ✓ Compiled in 612ms (1161 modules)
 ✓ Compiled in 634ms (1161 modules)
 ✓ Compiled in 629ms (1161 modules)
 ✓ Compiled in 622ms (1161 modules)
 ✓ Compiled in 878ms (1161 modules)
 ✓ Compiled in 643ms (1161 modules)
 ✓ Compiled in 615ms (1161 modules)
 ✓ Compiled in 599ms (1161 modules)
 ✓ Compiled in 630ms (1161 modules)
 ✓ Compiled in 635ms (1161 modules)
 ✓ Compiled in 624ms (1161 modules)
 ✓ Compiled in 761ms (1161 modules)
 ✓ Compiled in 710ms (1161 modules)
 ✓ Compiled in 802ms (1161 modules)
 ✓ Compiled in 697ms (1161 modules)
 ✓ Compiled in 715ms (1161 modules)
 ✓ Compiled in 842ms (1161 modules)
 ✓ Compiled in 794ms (1161 modules)
 ✓ Compiled in 1003ms (1161 modules)
 ✓ Compiled in 937ms (1161 modules)
 ✓ Compiled in 780ms (1161 modules)
 ✓ Compiled in 725ms (1161 modules)
 ✓ Compiled in 791ms (1161 modules)
 ✓ Compiled in 803ms (1161 modules)
 ✓ Compiled in 885ms (1161 modules)
 ✓ Compiled in 807ms (1161 modules)
 ✓ Compiled in 798ms (1161 modules)
 ✓ Compiled in 842ms (1161 modules)
 ✓ Compiled in 754ms (1161 modules)
 ✓ Compiled in 836ms (1161 modules)
 ✓ Compiled in 794ms (1161 modules)
 ✓ Compiled in 788ms (1161 modules)
 ✓ Compiled in 1156ms (1161 modules)
 ✓ Compiled in 869ms (1161 modules)
 ✓ Compiled in 750ms (1161 modules)
 ✓ Compiled in 713ms (1161 modules)
 ✓ Compiled in 705ms (1161 modules)
 ✓ Compiled in 768ms (1161 modules)
 ✓ Compiled in 709ms (1161 modules)
 ✓ Compiled in 963ms (1161 modules)
 ✓ Compiled in 820ms (1161 modules)
 ✓ Compiled in 756ms (1161 modules)
 ✓ Compiled in 689ms (1161 modules)
 ✓ Compiled in 699ms (1161 modules)
 ✓ Compiled in 819ms (1161 modules)
 ✓ Compiled in 717ms (1161 modules)
 ✓ Compiled in 911ms (1161 modules)
 ✓ Compiled in 773ms (1161 modules)
 ✓ Compiled in 713ms (1161 modules)
 ✓ Compiled in 895ms (1161 modules)
 ✓ Compiled in 1282ms (1161 modules)
 ✓ Compiled in 1234ms (1161 modules)
 ✓ Compiled in 698ms (1161 modules)
 ✓ Compiled in 853ms (1161 modules)
 ✓ Compiled in 777ms (1161 modules)
 ✓ Compiled in 745ms (1161 modules)
 ✓ Compiled in 691ms (1161 modules)
 ✓ Compiled in 667ms (1161 modules)
 ✓ Compiled in 696ms (1161 modules)
 ✓ Compiled in 683ms (1161 modules)
 ✓ Compiled in 1087ms (1161 modules)
 ✓ Compiled in 711ms (1161 modules)
 ✓ Compiled in 721ms (1161 modules)
 ✓ Compiled in 736ms (1161 modules)
 ✓ Compiled in 606ms (1161 modules)
 ✓ Compiled in 671ms (1161 modules)
 ✓ Compiled in 675ms (1161 modules)
 ✓ Compiled in 852ms (1161 modules)
 ✓ Compiled in 671ms (1161 modules)
 ✓ Compiled in 883ms (1161 modules)
 ✓ Compiled in 1086ms (1161 modules)
 ✓ Compiled in 998ms (1161 modules)
 ✓ Compiled in 622ms (1161 modules)
 ✓ Compiled in 617ms (1161 modules)
 ✓ Compiled in 757ms (1161 modules)
 ✓ Compiled in 629ms (1161 modules)
 ✓ Compiled in 585ms (1161 modules)
 ✓ Compiled in 587ms (1161 modules)
 ✓ Compiled in 643ms (1161 modules)
 ✓ Compiled in 704ms (1161 modules)
 ✓ Compiled in 619ms (1161 modules)
 ✓ Compiled in 803ms (1161 modules)
 ✓ Compiled in 639ms (1161 modules)
 ✓ Compiled in 646ms (1161 modules)
 ✓ Compiled in 672ms (1161 modules)
 ✓ Compiled in 678ms (1161 modules)
 ✓ Compiled in 732ms (1161 modules)
 ✓ Compiled in 1223ms (1161 modules)
 ✓ Compiled in 1379ms (1161 modules)
 ✓ Compiled in 743ms (1161 modules)
 ✓ Compiled in 609ms (1161 modules)
 ✓ Compiled in 644ms (1161 modules)
 ✓ Compiled in 575ms (1161 modules)
 ✓ Compiled in 581ms (1161 modules)
 ✓ Compiled in 606ms (1161 modules)
 ○ Compiling /catalog ...
 ✓ Compiled /catalog in 2.3s (2135 modules)
 ✓ Compiled in 1378ms (1172 modules)
 ✓ Compiled in 742ms (1172 modules)
 GET /catalog 200 in 4265ms
 ✓ Compiled in 743ms (1172 modules)
 ✓ Compiled in 692ms (1172 modules)
 ✓ Compiled in 1095ms (1172 modules)
 ✓ Compiled in 1392ms (1172 modules)
 GET /catalog 200 in 2446ms
 ✓ Compiled in 1049ms (1172 modules)
 ✓ Compiled in 688ms (1172 modules)
 ✓ Compiled in 555ms (1172 modules)
 ✓ Compiled in 578ms (1172 modules)
 ✓ Compiled in 604ms (1172 modules)
 ✓ Compiled in 763ms (1172 modules)
 ✓ Compiled in 642ms (1172 modules)
 ✓ Compiled in 628ms (1172 modules)
 ✓ Compiled in 580ms (1172 modules)
 ✓ Compiled in 575ms (1172 modules)
 ✓ Compiled in 587ms (1172 modules)
 ✓ Compiled in 608ms (1172 modules)
 ✓ Compiled in 754ms (1172 modules)
 ✓ Compiled in 670ms (1172 modules)
 ✓ Compiled in 649ms (1172 modules)
 ✓ Compiled in 601ms (1172 modules)
 ✓ Compiled in 598ms (1172 modules)
 ✓ Compiled in 572ms (1172 modules)
 ✓ Compiled in 590ms (1172 modules)
 ✓ Compiled in 786ms (1172 modules)
 ✓ Compiled in 635ms (1172 modules)
 ✓ Compiled in 586ms (1172 modules)
 ✓ Compiled in 574ms (1172 modules)
 ✓ Compiled in 578ms (1172 modules)
 ✓ Compiled in 570ms (1172 modules)
 ✓ Compiled in 580ms (1172 modules)
 ✓ Compiled in 725ms (1172 modules)
 ✓ Compiled in 622ms (1172 modules)
 ✓ Compiled in 601ms (1172 modules)
 ✓ Compiled in 590ms (1172 modules)
 ✓ Compiled in 573ms (1172 modules)
 ✓ Compiled in 574ms (1172 modules)
 ✓ Compiled in 599ms (1172 modules)
 ✓ Compiled in 752ms (1172 modules)
 ✓ Compiled in 608ms (1172 modules)
 ✓ Compiled in 592ms (1172 modules)
 ✓ Compiled in 565ms (1172 modules)
 ✓ Compiled in 559ms (1172 modules)
 ✓ Compiled in 551ms (1172 modules)
 ✓ Compiled in 583ms (1172 modules)
 ✓ Compiled in 721ms (1172 modules)
 ✓ Compiled in 639ms (1172 modules)
 ✓ Compiled in 648ms (1172 modules)
 ✓ Compiled in 617ms (1172 modules)
 ✓ Compiled in 608ms (1172 modules)
 ✓ Compiled in 580ms (1172 modules)
 ✓ Compiled in 608ms (1172 modules)
 ✓ Compiled in 756ms (1172 modules)
 ✓ Compiled in 615ms (1172 modules)
 ✓ Compiled in 617ms (1172 modules)
 ✓ Compiled in 598ms (1172 modules)
 ✓ Compiled in 585ms (1172 modules)
 ✓ Compiled in 592ms (1172 modules)
 ✓ Compiled in 603ms (1172 modules)
 ✓ Compiled in 765ms (1172 modules)
 ✓ Compiled in 640ms (1172 modules)
 ✓ Compiled in 627ms (1172 modules)
 ✓ Compiled in 611ms (1172 modules)
 ✓ Compiled in 666ms (1172 modules)
 ✓ Compiled in 578ms (1172 modules)
 ✓ Compiled in 615ms (1172 modules)
 ✓ Compiled in 712ms (1172 modules)
 ✓ Compiled in 653ms (1172 modules)
 ✓ Compiled in 620ms (1172 modules)
 ✓ Compiled in 602ms (1172 modules)
 ✓ Compiled in 578ms (1172 modules)
 ✓ Compiled in 575ms (1172 modules)
 ✓ Compiled in 585ms (1172 modules)
 ✓ Compiled in 759ms (1172 modules)
 ✓ Compiled in 649ms (1172 modules)
 ✓ Compiled in 641ms (1172 modules)
 ✓ Compiled in 621ms (1172 modules)
 ✓ Compiled in 807ms (1172 modules)
 ✓ Compiled in 664ms (1172 modules)
 GET /catalog 200 in 1461ms
 ✓ Compiled in 813ms (1172 modules)
 ✓ Compiled in 720ms (1172 modules)
 ✓ Compiled in 625ms (1172 modules)
 ✓ Compiled in 592ms (1172 modules)
 ✓ Compiled in 591ms (1172 modules)
 ✓ Compiled in 562ms (1172 modules)
 ✓ Compiled in 599ms (1172 modules)
 ✓ Compiled in 593ms (1172 modules)
 ✓ Compiled in 1132ms (1172 modules)
 ✓ Compiled in 2.3s (1172 modules)
 ✓ Compiled in 680ms (1172 modules)
 ✓ Compiled in 586ms (1172 modules)
 ✓ Compiled in 571ms (1172 modules)
 ✓ Compiled in 564ms (1172 modules)
 ✓ Compiled in 571ms (1172 modules)
 ✓ Compiled in 583ms (1172 modules)
 ✓ Compiled in 728ms (1172 modules)
 ✓ Compiled in 627ms (1172 modules)
 ✓ Compiled in 608ms (1172 modules)
 ✓ Compiled in 584ms (1172 modules)
 ✓ Compiled in 583ms (1172 modules)
 ✓ Compiled in 609ms (1172 modules)
 ✓ Compiled in 598ms (1172 modules)
 ✓ Compiled in 754ms (1172 modules)
 ✓ Compiled in 640ms (1172 modules)
 ✓ Compiled in 633ms (1172 modules)
 ✓ Compiled in 576ms (1172 modules)
 ✓ Compiled in 585ms (1172 modules)
 ✓ Compiled in 574ms (1172 modules)
 ✓ Compiled in 627ms (1172 modules)
 ✓ Compiled in 737ms (1172 modules)
 ✓ Compiled in 650ms (1172 modules)
 ✓ Compiled in 574ms (1172 modules)
 ✓ Compiled in 591ms (1172 modules)
 ✓ Compiled in 595ms (1172 modules)
 ✓ Compiled in 626ms (1172 modules)
 ✓ Compiled in 609ms (1172 modules)
 ✓ Compiled in 784ms (1172 modules)
 ✓ Compiled in 630ms (1172 modules)
 ✓ Compiled in 594ms (1172 modules)
 ✓ Compiled in 591ms (1172 modules)
 ✓ Compiled in 576ms (1172 modules)
 ✓ Compiled in 565ms (1172 modules)
 ✓ Compiled in 594ms (1172 modules)
 ✓ Compiled in 687ms (1172 modules)
 ✓ Compiled in 657ms (1172 modules)
 ✓ Compiled in 611ms (1172 modules)
 ✓ Compiled in 585ms (1172 modules)
 ✓ Compiled in 610ms (1172 modules)
 ✓ Compiled in 921ms (1172 modules)
 ✓ Compiled in 736ms (1172 modules)
 ✓ Compiled in 826ms (1172 modules)
 ✓ Compiled in 658ms (1172 modules)
 ○ Compiling / ...
 ✓ Compiled / in 22.4s (2239 modules)
 GET / 200 in 24773ms
 ✓ Compiled in 3.8s (1210 modules)
 ✓ Compiled in 1910ms (1210 modules)
 ✓ Compiled in 1950ms (1210 modules)
 ✓ Compiled in 1447ms (1210 modules)
 ✓ Compiled in 1073ms (1210 modules)
 ✓ Compiled in 801ms (1210 modules)
 ✓ Compiled in 799ms (1210 modules)
 ✓ Compiled in 818ms (1210 modules)
 ✓ Compiled in 731ms (1210 modules)
 ✓ Compiled in 854ms (1210 modules)
 ✓ Compiled in 675ms (1210 modules)
 ✓ Compiled in 665ms (1210 modules)
 ✓ Compiled in 677ms (1210 modules)
 ✓ Compiled in 650ms (1210 modules)
 ✓ Compiled in 713ms (1210 modules)
 ✓ Compiled in 670ms (1210 modules)
 ✓ Compiled in 883ms (1210 modules)
 ✓ Compiled in 672ms (1210 modules)
 ✓ Compiled in 718ms (1210 modules)
 ✓ Compiled in 676ms (1210 modules)
 ✓ Compiled in 666ms (1210 modules)
 ✓ Compiled in 674ms (1210 modules)
 ✓ Compiled in 644ms (1210 modules)
 ✓ Compiled in 808ms (1210 modules)
 ✓ Compiled in 669ms (1210 modules)
 ✓ Compiled in 621ms (1210 modules)
 ✓ Compiled in 601ms (1210 modules)
 ✓ Compiled in 607ms (1210 modules)
 ✓ Compiled in 567ms (1210 modules)
 ✓ Compiled in 598ms (1210 modules)
 ✓ Compiled in 832ms (1210 modules)
 ✓ Compiled in 672ms (1210 modules)
 ✓ Compiled in 765ms (1210 modules)
 ✓ Compiled in 602ms (1210 modules)
 ✓ Compiled in 622ms (1210 modules)
 ✓ Compiled in 591ms (1210 modules)
 ✓ Compiled in 657ms (1210 modules)
 ✓ Compiled in 783ms (1210 modules)
 ✓ Compiled in 646ms (1210 modules)
 ✓ Compiled in 612ms (1210 modules)
 ✓ Compiled in 618ms (1210 modules)
 ✓ Compiled in 667ms (1210 modules)
 ✓ Compiled in 613ms (1210 modules)
 ✓ Compiled in 629ms (1210 modules)
 ✓ Compiled in 771ms (1210 modules)
 ✓ Compiled in 643ms (1210 modules)
 ✓ Compiled in 616ms (1210 modules)
 ✓ Compiled in 592ms (1210 modules)
 ✓ Compiled in 2.9s (1210 modules)
 ✓ Compiled in 839ms (1210 modules)
 ✓ Compiled in 644ms (1210 modules)
 ✓ Compiled in 702ms (1210 modules)
 ✓ Compiled in 669ms (1210 modules)
 ✓ Compiled in 641ms (1210 modules)
 ✓ Compiled in 681ms (1210 modules)
 ✓ Compiled in 729ms (1210 modules)
 ✓ Compiled in 880ms (1210 modules)
 ✓ Compiled in 656ms (1210 modules)
 ✓ Compiled in 710ms (1210 modules)
 ✓ Compiled in 674ms (1210 modules)
 ✓ Compiled in 674ms (1210 modules)
 ✓ Compiled in 792ms (1210 modules)
 ✓ Compiled in 635ms (1210 modules)
 ✓ Compiled in 872ms (1210 modules)
 ✓ Compiled in 644ms (1210 modules)
 ✓ Compiled in 621ms (1210 modules)
 ✓ Compiled in 634ms (1210 modules)
 ✓ Compiled in 617ms (1210 modules)
 ✓ Compiled in 713ms (1210 modules)
 ✓ Compiled in 697ms (1210 modules)
 ✓ Compiled in 1025ms (1210 modules)
 ✓ Compiled in 618ms (1210 modules)
 ✓ Compiled in 617ms (1210 modules)
 ✓ Compiled in 627ms (1210 modules)
 ✓ Compiled in 591ms (1210 modules)
 ✓ Compiled in 599ms (1210 modules)
 ✓ Compiled in 597ms (1210 modules)
 ✓ Compiled in 745ms (1210 modules)
 ✓ Compiled in 720ms (1210 modules)
 ✓ Compiled in 656ms (1210 modules)
 ✓ Compiled in 580ms (1210 modules)
 ✓ Compiled in 564ms (1210 modules)
 ✓ Compiled in 582ms (1210 modules)
 ✓ Compiled in 602ms (1210 modules)
 ✓ Compiled in 705ms (1210 modules)
 ✓ Compiled in 611ms (1210 modules)
 ✓ Compiled in 584ms (1210 modules)
 ✓ Compiled in 573ms (1210 modules)
 ✓ Compiled in 569ms (1210 modules)
 ✓ Compiled in 574ms (1210 modules)
 ✓ Compiled in 592ms (1210 modules)
 ✓ Compiled in 715ms (1210 modules)
 ✓ Compiled in 612ms (1210 modules)
 ✓ Compiled in 603ms (1210 modules)
 ✓ Compiled in 585ms (1210 modules)
 ✓ Compiled in 572ms (1210 modules)
 ✓ Compiled in 567ms (1210 modules)
 ✓ Compiled in 581ms (1210 modules)
 ✓ Compiled in 748ms (1210 modules)
 ✓ Compiled in 694ms (1210 modules)
 ✓ Compiled in 591ms (1210 modules)
 ✓ Compiled in 589ms (1210 modules)
 ✓ Compiled in 571ms (1210 modules)
 ✓ Compiled in 570ms (1210 modules)
 ✓ Compiled in 588ms (1210 modules)
 ✓ Compiled in 716ms (1210 modules)
 ✓ Compiled in 610ms (1210 modules)
 ✓ Compiled in 602ms (1210 modules)
 ✓ Compiled in 587ms (1210 modules)
 ✓ Compiled in 598ms (1210 modules)
 ✓ Compiled in 571ms (1210 modules)
 ✓ Compiled in 597ms (1210 modules)
 ✓ Compiled in 671ms (1210 modules)
 ✓ Compiled in 599ms (1210 modules)
 ✓ Compiled in 602ms (1210 modules)
 ✓ Compiled in 574ms (1210 modules)
 ✓ Compiled in 560ms (1210 modules)
 ✓ Compiled in 570ms (1210 modules)
 ✓ Compiled in 615ms (1210 modules)
 ✓ Compiled in 693ms (1210 modules)
 ✓ Compiled in 603ms (1210 modules)
 ✓ Compiled in 727ms (1210 modules)
 ✓ Compiled in 682ms (1210 modules)
 ✓ Compiled in 551ms (1210 modules)
 ✓ Compiled in 549ms (1210 modules)
 ✓ Compiled in 582ms (1210 modules)
 ✓ Compiled in 717ms (1210 modules)
 ✓ Compiled in 612ms (1210 modules)
 ✓ Compiled in 581ms (1210 modules)
 ✓ Compiled in 601ms (1210 modules)
 ✓ Compiled in 582ms (1210 modules)
 ✓ Compiled in 569ms (1210 modules)
 ✓ Compiled in 596ms (1210 modules)
 ✓ Compiled in 745ms (1210 modules)
 ✓ Compiled in 628ms (1210 modules)
 ✓ Compiled in 625ms (1210 modules)
 ✓ Compiled in 577ms (1210 modules)
 ✓ Compiled in 563ms (1210 modules)
 ✓ Compiled in 573ms (1210 modules)
 ✓ Compiled in 613ms (1210 modules)
 ✓ Compiled in 698ms (1210 modules)
 ✓ Compiled in 790ms (1210 modules)
 ✓ Compiled in 886ms (1210 modules)
 ✓ Compiled in 570ms (1210 modules)
 ✓ Compiled in 589ms (1210 modules)
 ✓ Compiled in 581ms (1210 modules)
 ✓ Compiled in 589ms (1210 modules)
 ✓ Compiled in 720ms (1210 modules)
 ✓ Compiled in 623ms (1210 modules)
 ✓ Compiled in 580ms (1210 modules)
 ✓ Compiled in 594ms (1210 modules)
 ✓ Compiled in 572ms (1210 modules)
 ✓ Compiled in 577ms (1210 modules)
 ✓ Compiled in 598ms (1210 modules)
 ✓ Compiled in 688ms (1210 modules)
 ✓ Compiled in 625ms (1210 modules)
 ✓ Compiled in 588ms (1210 modules)
 ✓ Compiled in 577ms (1210 modules)
 ✓ Compiled in 561ms (1210 modules)
 ✓ Compiled in 557ms (1210 modules)
 ✓ Compiled in 588ms (1210 modules)
 ✓ Compiled in 729ms (1210 modules)
 ✓ Compiled in 652ms (1210 modules)
 ✓ Compiled in 622ms (1210 modules)
 ✓ Compiled in 619ms (1210 modules)
 ✓ Compiled in 587ms (1210 modules)
 ✓ Compiled in 602ms (1210 modules)
 ✓ Compiled in 597ms (1210 modules)
 ✓ Compiled in 730ms (1210 modules)
 ✓ Compiled in 614ms (1210 modules)
 ✓ Compiled in 577ms (1210 modules)
 ✓ Compiled in 575ms (1210 modules)
 ✓ Compiled in 591ms (1210 modules)
 ✓ Compiled in 586ms (1210 modules)
 ✓ Compiled in 595ms (1210 modules)
 ✓ Compiled in 749ms (1210 modules)
 ✓ Compiled in 619ms (1210 modules)
 ✓ Compiled in 608ms (1210 modules)
 ✓ Compiled in 557ms (1210 modules)
 ✓ Compiled in 552ms (1210 modules)
 ✓ Compiled in 574ms (1210 modules)
 ✓ Compiled in 581ms (1210 modules)
 ✓ Compiled in 761ms (1210 modules)
 ✓ Compiled in 613ms (1210 modules)
 ✓ Compiled in 563ms (1210 modules)
 ✓ Compiled in 793ms (1210 modules)
